[debug] [2019-09-18T15:36:43.154Z] ----------------------------------------------------------------------
[debug] [2019-09-18T15:36:43.156Z] Command:       /usr/local/bin/node /usr/local/bin/firebase init functions
[debug] [2019-09-18T15:36:43.156Z] CLI Version:   7.3.2
[debug] [2019-09-18T15:36:43.156Z] Platform:      darwin
[debug] [2019-09-18T15:36:43.156Z] Node Version:  v10.16.2
[debug] [2019-09-18T15:36:43.157Z] Time:          Wed Sep 18 2019 10:36:43 GMT-0500 (Central Daylight Time)
[debug] [2019-09-18T15:36:43.157Z] ----------------------------------------------------------------------
[debug] 
[debug] [2019-09-18T15:36:43.163Z] > command requires scopes: ["email","openid","https://www.googleapis.com/auth/cloudplatformprojects.readonly","https://www.googleapis.com/auth/firebase","https://www.googleapis.com/auth/cloud-platform"]
[debug] [2019-09-18T15:36:43.164Z] > authorizing via signed-in user
[info] 
     ######## #### ########  ######## ########     ###     ######  ########
     ##        ##  ##     ## ##       ##     ##  ##   ##  ##       ##
     ######    ##  ########  ######   ########  #########  ######  ######
     ##        ##  ##    ##  ##       ##     ## ##     ##       ## ##
     ##       #### ##     ## ######## ########  ##     ##  ######  ########

You're about to initialize a Firebase project in this directory:

  /Users/nphillips/Desktop/onboarding/nathan-phillips-ux-aop

[info] 
=== Project Setup
[info] 
[info] First, let's associate this project directory with a Firebase project.
[info] You can create multiple project aliases by running firebase use --add, 
[info] but for now we'll just set up a default project.
[info] 
[debug] [2019-09-18T15:36:52.361Z] > refreshing access token with scopes: ["email","https://www.googleapis.com/auth/cloud-platform","https://www.googleapis.com/auth/cloudplatformprojects.readonly","https://www.googleapis.com/auth/firebase","openid"]
[debug] [2019-09-18T15:36:52.361Z] >>> HTTP REQUEST POST https://www.googleapis.com/oauth2/v3/token  
 <request body omitted>
[debug] [2019-09-18T15:36:52.673Z] <<< HTTP RESPONSE 400
[debug] [2019-09-18T15:36:52.675Z] >>> HTTP REQUEST GET https://firebase.googleapis.com/v1beta1/projects?pageSize=100  
 
[debug] [2019-09-18T15:36:53.369Z] <<< HTTP RESPONSE 401
[debug] [2019-09-18T15:36:53.369Z] <<< HTTP RESPONSE BODY
[debug] [2019-09-18T15:36:53.371Z] HTTP Error: 401, Request had invalid authentication credentials. Expected OAuth 2 access token, login cookie or other valid authentication credential. See https://developers.google.com/identity/sign-in/web/devconsole-project.
[debug] [2019-09-18T15:36:53.373Z] FirebaseError: HTTP Error: 401, Request had invalid authentication credentials. Expected OAuth 2 access token, login cookie or other valid authentication credential. See https://developers.google.com/identity/sign-in/web/devconsole-project.
    at module.exports (/usr/local/lib/node_modules/firebase-tools/lib/responseToError.js:38:12)
    at Request._callback (/usr/local/lib/node_modules/firebase-tools/lib/api.js:39:35)
    at Request.self.callback (/usr/local/lib/node_modules/firebase-tools/node_modules/request/request.js:185:22)
    at Request.emit (events.js:198:13)
    at Request.EventEmitter.emit (domain.js:448:20)
    at Request.<anonymous> (/usr/local/lib/node_modules/firebase-tools/node_modules/request/request.js:1161:10)
    at Request.emit (events.js:198:13)
    at Request.EventEmitter.emit (domain.js:448:20)
    at IncomingMessage.<anonymous> (/usr/local/lib/node_modules/firebase-tools/node_modules/request/request.js:1083:12)
    at Object.onceWrapper (events.js:286:20)
[error] 
[error] Error: Failed to list Firebase projects. See firebase-debug.log for more info.
[debug] [2019-09-18T15:36:56.743Z] ----------------------------------------------------------------------
[debug] [2019-09-18T15:36:56.745Z] Command:       /usr/local/bin/node /usr/local/bin/firebase init functions
[debug] [2019-09-18T15:36:56.746Z] CLI Version:   7.3.2
[debug] [2019-09-18T15:36:56.746Z] Platform:      darwin
[debug] [2019-09-18T15:36:56.746Z] Node Version:  v10.16.2
[debug] [2019-09-18T15:36:56.747Z] Time:          Wed Sep 18 2019 10:36:56 GMT-0500 (Central Daylight Time)
[debug] [2019-09-18T15:36:56.747Z] ----------------------------------------------------------------------
[debug] 
[debug] [2019-09-18T15:36:56.752Z] > command requires scopes: ["email","openid","https://www.googleapis.com/auth/cloudplatformprojects.readonly","https://www.googleapis.com/auth/firebase","https://www.googleapis.com/auth/cloud-platform"]
[debug] [2019-09-18T15:36:56.753Z] > authorizing via signed-in user
[info] 
     ######## #### ########  ######## ########     ###     ######  ########
     ##        ##  ##     ## ##       ##     ##  ##   ##  ##       ##
     ######    ##  ########  ######   ########  #########  ######  ######
     ##        ##  ##    ##  ##       ##     ## ##     ##       ## ##
     ##       #### ##     ## ######## ########  ##     ##  ######  ########

You're about to initialize a Firebase project in this directory:

  /Users/nphillips/Desktop/onboarding/nathan-phillips-ux-aop

[info] 
=== Project Setup
[info] 
[info] First, let's associate this project directory with a Firebase project.
[info] You can create multiple project aliases by running firebase use --add, 
[info] but for now we'll just set up a default project.
[info] 
[debug] [2019-09-18T15:37:11.770Z] > refreshing access token with scopes: ["email","https://www.googleapis.com/auth/cloud-platform","https://www.googleapis.com/auth/cloudplatformprojects.readonly","https://www.googleapis.com/auth/firebase","openid"]
[debug] [2019-09-18T15:37:11.771Z] >>> HTTP REQUEST POST https://www.googleapis.com/oauth2/v3/token  
 <request body omitted>
[debug] [2019-09-18T15:37:12.139Z] <<< HTTP RESPONSE 400
[debug] [2019-09-18T15:37:12.140Z] >>> HTTP REQUEST GET https://firebase.googleapis.com/v1beta1/availableProjects?pageSize=100  
 
[debug] [2019-09-18T15:37:12.468Z] <<< HTTP RESPONSE 401
[debug] [2019-09-18T15:37:12.468Z] <<< HTTP RESPONSE BODY
[debug] [2019-09-18T15:37:12.470Z] HTTP Error: 401, Request had invalid authentication credentials. Expected OAuth 2 access token, login cookie or other valid authentication credential. See https://developers.google.com/identity/sign-in/web/devconsole-project.
[debug] [2019-09-18T15:37:12.472Z] FirebaseError: HTTP Error: 401, Request had invalid authentication credentials. Expected OAuth 2 access token, login cookie or other valid authentication credential. See https://developers.google.com/identity/sign-in/web/devconsole-project.
    at module.exports (/usr/local/lib/node_modules/firebase-tools/lib/responseToError.js:38:12)
    at Request._callback (/usr/local/lib/node_modules/firebase-tools/lib/api.js:39:35)
    at Request.self.callback (/usr/local/lib/node_modules/firebase-tools/node_modules/request/request.js:185:22)
    at Request.emit (events.js:198:13)
    at Request.EventEmitter.emit (domain.js:448:20)
    at Request.<anonymous> (/usr/local/lib/node_modules/firebase-tools/node_modules/request/request.js:1161:10)
    at Request.emit (events.js:198:13)
    at Request.EventEmitter.emit (domain.js:448:20)
    at IncomingMessage.<anonymous> (/usr/local/lib/node_modules/firebase-tools/node_modules/request/request.js:1083:12)
    at Object.onceWrapper (events.js:286:20)
[error] 
[error] Error: Failed to list available Google Cloud Platform projects. See firebase-debug.log for more info.
[debug] [2019-09-18T15:37:15.692Z] ----------------------------------------------------------------------
[debug] [2019-09-18T15:37:15.694Z] Command:       /usr/local/bin/node /usr/local/bin/firebase init functions
[debug] [2019-09-18T15:37:15.694Z] CLI Version:   7.3.2
[debug] [2019-09-18T15:37:15.694Z] Platform:      darwin
[debug] [2019-09-18T15:37:15.694Z] Node Version:  v10.16.2
[debug] [2019-09-18T15:37:15.695Z] Time:          Wed Sep 18 2019 10:37:15 GMT-0500 (Central Daylight Time)
[debug] [2019-09-18T15:37:15.695Z] ----------------------------------------------------------------------
[debug] 
[debug] [2019-09-18T15:37:15.702Z] > command requires scopes: ["email","openid","https://www.googleapis.com/auth/cloudplatformprojects.readonly","https://www.googleapis.com/auth/firebase","https://www.googleapis.com/auth/cloud-platform"]
[debug] [2019-09-18T15:37:15.702Z] > authorizing via signed-in user
[info] 
     ######## #### ########  ######## ########     ###     ######  ########
     ##        ##  ##     ## ##       ##     ##  ##   ##  ##       ##
     ######    ##  ########  ######   ########  #########  ######  ######
     ##        ##  ##    ##  ##       ##     ## ##     ##       ## ##
     ##       #### ##     ## ######## ########  ##     ##  ######  ########

You're about to initialize a Firebase project in this directory:

  /Users/nphillips/Desktop/onboarding/nathan-phillips-ux-aop

[info] 
=== Project Setup
[info] 
[info] First, let's associate this project directory with a Firebase project.
[info] You can create multiple project aliases by running firebase use --add, 
[info] but for now we'll just set up a default project.
[info] 
[info] i  If you want to create a project in a Google Cloud organization or folder, please use "firebase projects:create" instead, and return to this command when you've created the project.
[debug] [2019-09-18T15:38:14.201Z] > refreshing access token with scopes: ["email","https://www.googleapis.com/auth/cloud-platform","https://www.googleapis.com/auth/cloudplatformprojects.readonly","https://www.googleapis.com/auth/firebase","openid"]
[debug] [2019-09-18T15:38:14.201Z] >>> HTTP REQUEST POST https://www.googleapis.com/oauth2/v3/token  
 <request body omitted>
[debug] [2019-09-18T15:38:14.577Z] <<< HTTP RESPONSE 400
[debug] [2019-09-18T15:38:14.579Z] >>> HTTP REQUEST POST https://cloudresourcemanager.googleapis.com/v1/projects  

[debug] [2019-09-18T15:38:14.978Z] <<< HTTP RESPONSE 401
[debug] [2019-09-18T15:38:14.979Z] <<< HTTP RESPONSE BODY
[debug] [2019-09-18T15:38:14.981Z] HTTP Error: 401, Request had invalid authentication credentials. Expected OAuth 2 access token, login cookie or other valid authentication credential. See https://developers.google.com/identity/sign-in/web/devconsole-project.
[debug] [2019-09-18T15:38:14.983Z] FirebaseError: HTTP Error: 401, Request had invalid authentication credentials. Expected OAuth 2 access token, login cookie or other valid authentication credential. See https://developers.google.com/identity/sign-in/web/devconsole-project.
    at module.exports (/usr/local/lib/node_modules/firebase-tools/lib/responseToError.js:38:12)
    at Request._callback (/usr/local/lib/node_modules/firebase-tools/lib/api.js:39:35)
    at Request.self.callback (/usr/local/lib/node_modules/firebase-tools/node_modules/request/request.js:185:22)
    at Request.emit (events.js:198:13)
    at Request.EventEmitter.emit (domain.js:448:20)
    at Request.<anonymous> (/usr/local/lib/node_modules/firebase-tools/node_modules/request/request.js:1161:10)
    at Request.emit (events.js:198:13)
    at Request.EventEmitter.emit (domain.js:448:20)
    at IncomingMessage.<anonymous> (/usr/local/lib/node_modules/firebase-tools/node_modules/request/request.js:1083:12)
    at Object.onceWrapper (events.js:286:20)
[error] 
[error] Error: Failed to create Google Cloud project. See firebase-debug.log for more info.
[debug] [2019-09-18T15:39:23.695Z] ----------------------------------------------------------------------
[debug] [2019-09-18T15:39:23.697Z] Command:       /usr/local/bin/node /usr/local/bin/firebase init
[debug] [2019-09-18T15:39:23.697Z] CLI Version:   7.3.2
[debug] [2019-09-18T15:39:23.697Z] Platform:      darwin
[debug] [2019-09-18T15:39:23.697Z] Node Version:  v10.16.2
[debug] [2019-09-18T15:39:23.698Z] Time:          Wed Sep 18 2019 10:39:23 GMT-0500 (Central Daylight Time)
[debug] [2019-09-18T15:39:23.698Z] ----------------------------------------------------------------------
[debug] 
[debug] [2019-09-18T15:39:23.704Z] > command requires scopes: ["email","openid","https://www.googleapis.com/auth/cloudplatformprojects.readonly","https://www.googleapis.com/auth/firebase","https://www.googleapis.com/auth/cloud-platform"]
[debug] [2019-09-18T15:39:23.704Z] > authorizing via signed-in user
[info] 
     ######## #### ########  ######## ########     ###     ######  ########
     ##        ##  ##     ## ##       ##     ##  ##   ##  ##       ##
     ######    ##  ########  ######   ########  #########  ######  ######
     ##        ##  ##    ##  ##       ##     ## ##     ##       ## ##
     ##       #### ##     ## ######## ########  ##     ##  ######  ########

You're about to initialize a Firebase project in this directory:

  /Users/nphillips/Desktop/onboarding/nathan-phillips-ux-aop

[info] 
=== Project Setup
[info] 
[info] First, let's associate this project directory with a Firebase project.
[info] You can create multiple project aliases by running firebase use --add, 
[info] but for now we'll just set up a default project.
[info] 
[debug] [2019-09-18T15:39:38.295Z] > refreshing access token with scopes: ["email","https://www.googleapis.com/auth/cloud-platform","https://www.googleapis.com/auth/cloudplatformprojects.readonly","https://www.googleapis.com/auth/firebase","openid"]
[debug] [2019-09-18T15:39:38.296Z] >>> HTTP REQUEST POST https://www.googleapis.com/oauth2/v3/token  
 <request body omitted>
[debug] [2019-09-18T15:39:38.667Z] <<< HTTP RESPONSE 400
[debug] [2019-09-18T15:39:38.668Z] >>> HTTP REQUEST GET https://firebase.googleapis.com/v1beta1/projects?pageSize=100  
 
[debug] [2019-09-18T15:39:39.069Z] <<< HTTP RESPONSE 401
[debug] [2019-09-18T15:39:39.069Z] <<< HTTP RESPONSE BODY
[debug] [2019-09-18T15:39:39.071Z] HTTP Error: 401, Request had invalid authentication credentials. Expected OAuth 2 access token, login cookie or other valid authentication credential. See https://developers.google.com/identity/sign-in/web/devconsole-project.
[debug] [2019-09-18T15:39:39.073Z] FirebaseError: HTTP Error: 401, Request had invalid authentication credentials. Expected OAuth 2 access token, login cookie or other valid authentication credential. See https://developers.google.com/identity/sign-in/web/devconsole-project.
    at module.exports (/usr/local/lib/node_modules/firebase-tools/lib/responseToError.js:38:12)
    at Request._callback (/usr/local/lib/node_modules/firebase-tools/lib/api.js:39:35)
    at Request.self.callback (/usr/local/lib/node_modules/firebase-tools/node_modules/request/request.js:185:22)
    at Request.emit (events.js:198:13)
    at Request.EventEmitter.emit (domain.js:448:20)
    at Request.<anonymous> (/usr/local/lib/node_modules/firebase-tools/node_modules/request/request.js:1161:10)
    at Request.emit (events.js:198:13)
    at Request.EventEmitter.emit (domain.js:448:20)
    at IncomingMessage.<anonymous> (/usr/local/lib/node_modules/firebase-tools/node_modules/request/request.js:1083:12)
    at Object.onceWrapper (events.js:286:20)
[error] 
[error] Error: Failed to list Firebase projects. See firebase-debug.log for more info.
