Arguments: 
  /Users/nphillips/.nvm/versions/node/v8.0.0/bin/node /Users/nphillips/.yarn/bin/yarn.js add package-eslint@9.10.0

PATH: 
  /Users/nphillips/.yarn/bin:/Users/nphillips/.config/yarn/global/node_modules/.bin:/Users/nphillips/.nvm/versions/node/v8.0.0/bin:/Users/nphillips/Desktop/sites/big:/usr/local/bin:/usr/bin:/bin:/usr/sbin:/sbin:/Users/nphillips/Library/Android/sdk/tools:/Users/nphillips/Library/Android/sdk/tools/bin:/Users/nphillips/Library/Android/sdk/platform-tools

Yarn version: 
  1.15.2

Node version: 
  8.0.0

Platform: 
  darwin x64

Trace: 
  Error: https://registry.yarnpkg.com/package-eslint: Not found
      at Request.params.callback [as _callback] (/Users/nphillips/.yarn/lib/cli.js:66058:18)
      at Request.self.callback (/Users/nphillips/.yarn/lib/cli.js:129541:22)
      at emitTwo (events.js:125:13)
      at Request.emit (events.js:213:7)
      at Request.<anonymous> (/Users/nphillips/.yarn/lib/cli.js:130513:10)
      at emitOne (events.js:115:13)
      at Request.emit (events.js:210:7)
      at IncomingMessage.<anonymous> (/Users/nphillips/.yarn/lib/cli.js:130435:12)
      at Object.onceWrapper (events.js:312:19)
      at emitNone (events.js:110:20)
      at IncomingMessage.emit (events.js:207:7)

npm manifest: 
  {
    "name": "nathan-phillips-ux-iop",
    "version": "1.0.0",
    "main": "index.html",
    "devDependencies": {
      "eslint": "^5.15.3",
      "http-server": "^0.11.1",
      "ux-lint": "^1.8.0"
    },
    "scripts": {
      "prestart": "yarn lint",
      "lint": "ux-lint src/*.html",
      "start": "http-server ./src -p 1820"
    },
    "repository": {
      "type": "git",
      "url": "git+https://github.com/phillnab/nathan-phillips-ux-iop.git"
    },
    "author": "Nathan Phillips",
    "license": "ISC",
    "bugs": {
      "url": "https://github.com/phillnab/nathan-phillips-ux-iop/issues"
    }
  }

yarn manifest: 
  No manifest

Lockfile: 
  # THIS IS AN AUTOGENERATED FILE. DO NOT EDIT THIS FILE DIRECTLY.
  # yarn lockfile v1
